2019-01-22 01:03:46 ERROR HistoryTracker:41 - EXCEPTION in Start/End time format - Please Specify in HH:mm format
java.text.ParseException: Unparseable date: "12"
	at java.text.DateFormat.parse(DateFormat.java:366)
	at root.trackdrivers.Trip.calculateTime(Trip.java:36)
	at root.trackdrivers.Trip.<init>(Trip.java:28)
	at root.trackdrivers.HistoryTracker.addTripToDriver(HistoryTracker.java:75)
	at root.trackdrivers.HistoryTracker.trackHistroy(HistoryTracker.java:42)
	at root.trackdrivers.App.main(App.java:6)
2019-01-22 01:35:09 ERROR HistoryTracker:78 - DRIVER NOT REGISTERED
2019-01-22 01:35:09 ERROR HistoryTracker:78 - DRIVER NOT REGISTERED
2019-01-22 01:35:09 ERROR HistoryTracker:78 - DRIVER NOT REGISTERED
2019-01-22 01:35:09 ERROR HistoryTracker:78 - DRIVER NOT REGISTERED
2019-01-22 01:35:09 ERROR HistoryTracker:78 - DRIVER NOT REGISTERED
2019-01-22 01:35:09 ERROR HistoryTracker:78 - DRIVER NOT REGISTERED
2019-01-22 01:35:09 ERROR HistoryTracker:78 - DRIVER NOT REGISTERED
2019-01-22 01:35:09 WARN  HistoryTracker:44 - INVALID COMMAND SKIPPING THIS LINE: Delete Dan
2019-01-22 01:35:09 ERROR HistoryTracker:41 - EXCEPTION in Start/End time format - Please Specify in HH:mm format
java.text.ParseException: Unparseable date: "12"
	at java.text.DateFormat.parse(DateFormat.java:366)
	at root.trackdrivers.Trip.calculateTime(Trip.java:36)
	at root.trackdrivers.Trip.<init>(Trip.java:28)
	at root.trackdrivers.TripTest.testTripWithInvalidParams(TripTest.java:60)
	at sun.reflect.NativeMethodAccessorImpl.invoke0(Native Method)
	at sun.reflect.NativeMethodAccessorImpl.invoke(NativeMethodAccessorImpl.java:62)
	at sun.reflect.DelegatingMethodAccessorImpl.invoke(DelegatingMethodAccessorImpl.java:43)
	at java.lang.reflect.Method.invoke(Method.java:498)
	at junit.framework.TestCase.runTest(TestCase.java:176)
	at junit.framework.TestCase.runBare(TestCase.java:141)
	at junit.framework.TestResult$1.protect(TestResult.java:122)
	at junit.framework.TestResult.runProtected(TestResult.java:142)
	at junit.framework.TestResult.run(TestResult.java:125)
	at junit.framework.TestCase.run(TestCase.java:129)
	at junit.framework.TestSuite.runTest(TestSuite.java:255)
	at junit.framework.TestSuite.run(TestSuite.java:250)
	at org.junit.internal.runners.JUnit38ClassRunner.run(JUnit38ClassRunner.java:84)
	at org.eclipse.jdt.internal.junit4.runner.JUnit4TestReference.run(JUnit4TestReference.java:86)
	at org.eclipse.jdt.internal.junit.runner.TestExecution.run(TestExecution.java:38)
	at org.eclipse.jdt.internal.junit.runner.RemoteTestRunner.runTests(RemoteTestRunner.java:538)
	at org.eclipse.jdt.internal.junit.runner.RemoteTestRunner.runTests(RemoteTestRunner.java:760)
	at org.eclipse.jdt.internal.junit.runner.RemoteTestRunner.run(RemoteTestRunner.java:460)
	at org.eclipse.jdt.internal.junit.runner.RemoteTestRunner.main(RemoteTestRunner.java:206)
2019-01-22 01:43:34 ERROR HistoryTracker:78 - DRIVER NOT REGISTERED
2019-01-22 01:43:35 ERROR HistoryTracker:78 - DRIVER NOT REGISTERED
2019-01-22 01:43:35 ERROR HistoryTracker:78 - DRIVER NOT REGISTERED
2019-01-22 01:43:35 ERROR HistoryTracker:78 - DRIVER NOT REGISTERED
2019-01-22 01:43:35 ERROR HistoryTracker:78 - DRIVER NOT REGISTERED
2019-01-22 01:43:35 ERROR HistoryTracker:78 - DRIVER NOT REGISTERED
2019-01-22 01:43:35 ERROR HistoryTracker:78 - DRIVER NOT REGISTERED
2019-01-22 01:43:35 WARN  HistoryTracker:44 - INVALID COMMAND SKIPPING THIS LINE: Delete Dan
2019-01-22 01:43:35 ERROR HistoryTracker:41 - EXCEPTION in Start/End time format - Please Specify in HH:mm format
java.text.ParseException: Unparseable date: "12"
	at java.text.DateFormat.parse(DateFormat.java:366)
	at root.trackdrivers.Trip.calculateTime(Trip.java:36)
	at root.trackdrivers.Trip.<init>(Trip.java:28)
	at root.trackdrivers.TripTest.testTripWithInvalidParams(TripTest.java:60)
	at sun.reflect.NativeMethodAccessorImpl.invoke0(Native Method)
	at sun.reflect.NativeMethodAccessorImpl.invoke(NativeMethodAccessorImpl.java:62)
	at sun.reflect.DelegatingMethodAccessorImpl.invoke(DelegatingMethodAccessorImpl.java:43)
	at java.lang.reflect.Method.invoke(Method.java:498)
	at junit.framework.TestCase.runTest(TestCase.java:176)
	at junit.framework.TestCase.runBare(TestCase.java:141)
	at junit.framework.TestResult$1.protect(TestResult.java:122)
	at junit.framework.TestResult.runProtected(TestResult.java:142)
	at junit.framework.TestResult.run(TestResult.java:125)
	at junit.framework.TestCase.run(TestCase.java:129)
	at junit.framework.TestSuite.runTest(TestSuite.java:255)
	at junit.framework.TestSuite.run(TestSuite.java:250)
	at org.junit.internal.runners.JUnit38ClassRunner.run(JUnit38ClassRunner.java:84)
	at org.apache.maven.surefire.junit4.JUnit4Provider.execute(JUnit4Provider.java:252)
	at org.apache.maven.surefire.junit4.JUnit4Provider.executeTestSet(JUnit4Provider.java:141)
	at org.apache.maven.surefire.junit4.JUnit4Provider.invoke(JUnit4Provider.java:112)
	at sun.reflect.NativeMethodAccessorImpl.invoke0(Native Method)
	at sun.reflect.NativeMethodAccessorImpl.invoke(NativeMethodAccessorImpl.java:62)
	at sun.reflect.DelegatingMethodAccessorImpl.invoke(DelegatingMethodAccessorImpl.java:43)
	at java.lang.reflect.Method.invoke(Method.java:498)
	at org.apache.maven.surefire.util.ReflectionUtils.invokeMethodWithArray(ReflectionUtils.java:189)
	at org.apache.maven.surefire.booter.ProviderFactory$ProviderProxy.invoke(ProviderFactory.java:165)
	at org.apache.maven.surefire.booter.ProviderFactory.invokeProvider(ProviderFactory.java:85)
	at org.apache.maven.surefire.booter.ForkedBooter.runSuitesInProcess(ForkedBooter.java:115)
	at org.apache.maven.surefire.booter.ForkedBooter.main(ForkedBooter.java:75)
